<?xml version="1.0" encoding="UTF-8"?>
<testsuite name="com.aor.numbers.ListFiltererTest" tests="3" skipped="0" failures="0" errors="0" timestamp="2021-03-10T12:29:46" hostname="torre" time="0.047">
  <properties/>
  <testcase name="positiveFilter()" classname="com.aor.numbers.ListFiltererTest" time="0.006"/>
  <testcase name="DivisibleFilter()" classname="com.aor.numbers.ListFiltererTest" time="0.001"/>
  <testcase name="genericFilter()" classname="com.aor.numbers.ListFiltererTest" time="0.038"/>
  <system-out><![CDATA[]]></system-out>
  <system-err><![CDATA[]]></system-err>
</testsuite>
