<?xml version="1.0" encoding="UTF-8"?>
<testsuite name="com.aor.numbers.ListDeduplicatorTest$DeduplicatorEdgeCase" tests="1" skipped="0" failures="0" errors="0" timestamp="2021-03-10T12:29:46" hostname="torre" time="0.028">
  <properties/>
  <testcase name="deduplicate()" classname="com.aor.numbers.ListDeduplicatorTest$DeduplicatorEdgeCase" time="0.028"/>
  <system-out><![CDATA[]]></system-out>
  <system-err><![CDATA[]]></system-err>
</testsuite>
