<?xml version="1.0" encoding="UTF-8"?>
<testsuite name="com.aor.numbers.ListAggregatorTest$ListAggregatorTestCornerCase2" tests="1" skipped="0" failures="0" errors="0" timestamp="2021-03-10T12:29:45" hostname="torre" time="0.948">
  <properties/>
  <testcase name="distinct_bug_8726()" classname="com.aor.numbers.ListAggregatorTest$ListAggregatorTestCornerCase2" time="0.948"/>
  <system-out><![CDATA[]]></system-out>
  <system-err><![CDATA[]]></system-err>
</testsuite>
