<?xml version="1.0" encoding="UTF-8"?>
<testsuite name="com.aor.numbers.ListAggregatorTest$ListAggregatorTestCornerCase1" tests="1" skipped="0" failures="0" errors="0" timestamp="2021-03-10T12:02:49" hostname="torre" time="0.002">
  <properties/>
  <testcase name="max_bug_7263()" classname="com.aor.numbers.ListAggregatorTest$ListAggregatorTestCornerCase1" time="0.002"/>
  <system-out><![CDATA[]]></system-out>
  <system-err><![CDATA[]]></system-err>
</testsuite>
