<?xml version="1.0" encoding="UTF-8"?>
<testsuite name="com.aor.numbers.ListAggregatorTest$ListAggregatorTestCornerCases" tests="1" skipped="0" failures="0" errors="0" timestamp="2021-03-10T10:13:47" hostname="torre" time="0.019">
  <properties/>
  <testcase name="max_bug_7263()" classname="com.aor.numbers.ListAggregatorTest$ListAggregatorTestCornerCases" time="0.019"/>
  <system-out><![CDATA[]]></system-out>
  <system-err><![CDATA[]]></system-err>
</testsuite>
