<?xml version="1.0" encoding="UTF-8"?>
<testsuite name="com.aor.numbers.ListDeduplicatorTest$DeduplicatorOriginal" tests="1" skipped="0" failures="0" errors="0" timestamp="2021-03-10T11:54:13" hostname="torre" time="0.002">
  <properties/>
  <testcase name="deduplicate()" classname="com.aor.numbers.ListDeduplicatorTest$DeduplicatorOriginal" time="0.002"/>
  <system-out><![CDATA[]]></system-out>
  <system-err><![CDATA[]]></system-err>
</testsuite>
