<?xml version="1.0" encoding="UTF-8"?>
<testsuite name="StringTest" tests="7" skipped="0" failures="0" errors="0" timestamp="2021-03-24T11:10:42" hostname="torre" time="0.049">
  <properties/>
  <testcase name="stringReplacer()" classname="StringTest" time="0.035"/>
  <testcase name="transformUndo()" classname="StringTest" time="0.002"/>
  <testcase name="stringDrink()" classname="StringTest" time="0.002"/>
  <testcase name="stringInverter()" classname="StringTest" time="0.001"/>
  <testcase name="transformerComposite()" classname="StringTest" time="0.001"/>
  <testcase name="stringRecipe()" classname="StringTest" time="0.001"/>
  <testcase name="stringCaseChanger()" classname="StringTest" time="0.001"/>
  <system-out><![CDATA[]]></system-out>
  <system-err><![CDATA[]]></system-err>
</testsuite>
